<?xml version="1.0" encoding="UTF-8"?>
<!-- Generated by org.testng.reporters.JUnitXMLReporter -->
<testsuite ignored="0" hostname="HARI" failures="1" tests="17" name="Test" time="297.6" errors="0" timestamp="2025-07-11T14:22:11 IST">
  <testcase classname="TestClasses.TaskTestClass" name="verifyToCreateNewTask" time="35.18"/>
  <testcase classname="TestClasses.TaskTestClass" name="verifyToImportTask" time="13.626"/>
  <testcase classname="TestClasses.TerminationTestClass" name="verifyToAddTermination" time="13.906"/>
  <testcase classname="TestClasses.TerminationTestClass" name="verifyToDeleteTermination" time="14.277">
    <skipped/>
  </testcase> <!-- verifyToDeleteTermination -->
  <testcase classname="TestClasses.TerminationTestClass" name="verifyToDeleteTermination" time="25.98">
    <skipped/>
  </testcase> <!-- verifyToDeleteTermination -->
  <testcase classname="TestClasses.TerminationTestClass" name="verifyToDeleteTermination" time="18.502">
    <skipped/>
  </testcase> <!-- verifyToDeleteTermination -->
  <testcase classname="TestClasses.TerminationTestClass" name="verifyToDeleteTermination" time="17.519">
    <failure type="java.lang.AssertionError" message="expected [Abcy] but found [Aiby Ann Abraham]">
      <![CDATA[java.lang.AssertionError: expected [Abcy] but found [Aiby Ann Abraham]
at TestClasses.TerminationTestClass.verifyToDeleteTermination(TerminationTestClass.java:61)
at java.base/java.util.ArrayList.forEach(ArrayList.java:1596)
... Removed 31 stack frames]]>
    </failure>
  </testcase> <!-- verifyToDeleteTermination -->
  <testcase classname="TestClasses.LoginPageTestClass" name="verifySuccessfulLogin" time="8.021"/>
  <testcase classname="TestClasses.LoginPageTestClass" name="verifyUnsuccessfulLogin" time="1.199"/>
  <testcase classname="TestClasses.LoginPageTestClass" name="verifyUnsuccessfulLogin" time="1.351"/>
  <testcase classname="TestClasses.LoginPageTestClass" name="verifyUnsuccessfulLogin" time="1.133"/>
  <testcase classname="TestClasses.DashBoardTestClass" name="verifyDashboardMenuExpandsOnClick" time="14.819"/>
  <testcase classname="TestClasses.DashBoardTestClass" name="verifyDashboardURL" time="9.977"/>
  <testcase classname="TestClasses.DashBoardTestClass" name="verifyLogo" time="7.089"/>
  <testcase classname="TestClasses.DashBoardTestClass" name="verifyPageTitle" time="7.555"/>
  <testcase classname="TestClasses.DashBoardTestClass" name="verifySidebarMenuExpandsOnClick" time="19.295"/>
  <testcase classname="TestClasses.DashBoardTestClass" name="verifyTheTooltipTerminationIsShowingWhileHoveringMouseOnElement" time="10.715"/>
</testsuite> <!-- Test -->
